Determining if the pthread_create exist failed with the following output:
Change Dir: /home/lucas/catkin_ws/build/CMakeFiles/CMakeTmp

Run Build Command:"/usr/bin/make" "cmTC_44908/fast"
/usr/bin/make -f CMakeFiles/cmTC_44908.dir/build.make CMakeFiles/cmTC_44908.dir/build
make[1]: Entering directory '/home/lucas/catkin_ws/build/CMakeFiles/CMakeTmp'
Building C object CMakeFiles/cmTC_44908.dir/CheckSymbolExists.c.o
/usr/bin/cc     -o CMakeFiles/cmTC_44908.dir/CheckSymbolExists.c.o   -c /home/lucas/catkin_ws/build/CMakeFiles/CMakeTmp/CheckSymbolExists.c
Linking C executable cmTC_44908
/usr/bin/cmake -E cmake_link_script CMakeFiles/cmTC_44908.dir/link.txt --verbose=1
/usr/bin/cc       CMakeFiles/cmTC_44908.dir/CheckSymbolExists.c.o  -o cmTC_44908 -rdynamic 
CMakeFiles/cmTC_44908.dir/CheckSymbolExists.c.o: In function `main':
CheckSymbolExists.c:(.text+0x16): undefined reference to `pthread_create'
collect2: error: ld returned 1 exit status
CMakeFiles/cmTC_44908.dir/build.make:97: recipe for target 'cmTC_44908' failed
make[1]: *** [cmTC_44908] Error 1
make[1]: Leaving directory '/home/lucas/catkin_ws/build/CMakeFiles/CMakeTmp'
Makefile:126: recipe for target 'cmTC_44908/fast' failed
make: *** [cmTC_44908/fast] Error 2

File /home/lucas/catkin_ws/build/CMakeFiles/CMakeTmp/CheckSymbolExists.c:
/* */
#include <pthread.h>

int main(int argc, char** argv)
{
  (void)argv;
#ifndef pthread_create
  return ((int*)(&pthread_create))[argc];
#else
  (void)argc;
  return 0;
#endif
}

Determining if the function pthread_create exists in the pthreads failed with the following output:
Change Dir: /home/lucas/catkin_ws/build/CMakeFiles/CMakeTmp

Run Build Command:"/usr/bin/make" "cmTC_ee806/fast"
/usr/bin/make -f CMakeFiles/cmTC_ee806.dir/build.make CMakeFiles/cmTC_ee806.dir/build
make[1]: Entering directory '/home/lucas/catkin_ws/build/CMakeFiles/CMakeTmp'
Building C object CMakeFiles/cmTC_ee806.dir/CheckFunctionExists.c.o
/usr/bin/cc    -DCHECK_FUNCTION_EXISTS=pthread_create   -o CMakeFiles/cmTC_ee806.dir/CheckFunctionExists.c.o   -c /usr/share/cmake-3.5/Modules/CheckFunctionExists.c
Linking C executable cmTC_ee806
/usr/bin/cmake -E cmake_link_script CMakeFiles/cmTC_ee806.dir/link.txt --verbose=1
/usr/bin/cc   -DCHECK_FUNCTION_EXISTS=pthread_create    CMakeFiles/cmTC_ee806.dir/CheckFunctionExists.c.o  -o cmTC_ee806 -rdynamic -lpthreads 
/usr/bin/ld: cannot find -lpthreads
collect2: error: ld returned 1 exit status
CMakeFiles/cmTC_ee806.dir/build.make:97: recipe for target 'cmTC_ee806' failed
make[1]: *** [cmTC_ee806] Error 1
make[1]: Leaving directory '/home/lucas/catkin_ws/build/CMakeFiles/CMakeTmp'
Makefile:126: recipe for target 'cmTC_ee806/fast' failed
make: *** [cmTC_ee806/fast] Error 2


